# exind_1488260348.out
#
# Format: <problem> <status>
#
# The status is 'failure' if the problem is not provable, and success if a proof
# was found within the timeout.
#
# The TIP problems which are not listed below either terminated abnormally or
# reached the timeout (600 s).
#
# Test subjects: isaplanner_03 isaplanner_06 isaplanner_07 isaplanner_08 isaplanner_09 isaplanner_10 isaplanner_12 isaplanner_14 isaplanner_15 isaplanner_16 isaplanner_17 isaplanner_18 isaplanner_19 isaplanner_21 isaplanner_22 isaplanner_23 isaplanner_24 isaplanner_26 isaplanner_27 isaplanner_28 isaplanner_29 isaplanner_30 isaplanner_31 isaplanner_32 isaplanner_33 isaplanner_34 isaplanner_35 isaplanner_36 isaplanner_37 isaplanner_38 isaplanner_39 isaplanner_41 isaplanner_48 isaplanner_49 prod_01 prod_04 prod_05 prod_06 prod_07 prod_08 prod_10 prod_13 prod_15 prod_16 prod_20 prod_27 prod_28 prod_29 prod_30 prod_32 prod_33 prod_34 prod_35
# Prover: Escargot

isaplanner_07 failure 167639482
isaplanner_06 failure 74870501
isaplanner_08 failure 142117213
isaplanner_09 failure 62633231
isaplanner_10 failure 53670483
isaplanner_14 failure 931312826
isaplanner_16 success 896687517
isaplanner_19 failure 909801598
isaplanner_22 failure 640925600
isaplanner_23 failure 747171181
isaplanner_31 failure 607051616
isaplanner_32 failure 619281081
isaplanner_35 failure 635442377
isaplanner_36 failure 822540202
isaplanner_39 success 1598296751
prod_08 failure 49637350
prod_13 failure 154082993
prod_15 failure 594189995
prod_32 failure 114418444
prod_34 failure 86384102
prod_35 failure 94297989
